<?xml version="1.0" encoding="UTF-8"?>
<!-- Generated by org.testng.reporters.JUnitReportReporter -->
<testsuite skipped="0" hostname="PT-PTL-002" name="com.Pratian.Petzey.Automation.TestClasses.TestSignIn" tests="1" failures="0" timestamp="2020-12-08T12:21:13 IST" time="235.240" errors="0">
  <testcase name="signInWithValidCredentials" time="235.240" classname="com.Pratian.Petzey.Automation.TestClasses.TestSignIn"/>
  <system-out/>
</testsuite> <!-- com.Pratian.Petzey.Automation.TestClasses.TestSignIn -->
